Arguments: 
  /usr/bin/node /usr/bin/yarn add nodemon express mongoose dotenv helmet bcyrpt

PATH: 
  /usr/local/sbin:/usr/local/bin:/usr/sbin:/usr/bin:/sbin:/bin:/usr/games:/usr/local/games:/snap/bin

Yarn version: 
  1.22.11

Node version: 
  16.6.0

Platform: 
  linux x64

Trace: 
  Error: https://registry.yarnpkg.com/bcyrpt: Not found
      at Request.params.callback [as _callback] (/usr/lib/node_modules/yarn/lib/cli.js:66992:18)
      at Request.self.callback (/usr/lib/node_modules/yarn/lib/cli.js:140763:22)
      at Request.emit (node:events:394:28)
      at Request.<anonymous> (/usr/lib/node_modules/yarn/lib/cli.js:141735:10)
      at Request.emit (node:events:394:28)
      at IncomingMessage.<anonymous> (/usr/lib/node_modules/yarn/lib/cli.js:141657:12)
      at Object.onceWrapper (node:events:513:28)
      at IncomingMessage.emit (node:events:406:35)
      at endReadableNT (node:internal/streams/readable:1331:12)
      at processTicksAndRejections (node:internal/process/task_queues:83:21)

npm manifest: 
  {
    "name": "isobackend",
    "version": "1.0.0",
    "description": "",
    "main": "index.js",
    "scripts": {
      "test": "echo \"Error: no test specified\" && exit 1"
    },
    "keywords": [],
    "author": "",
    "license": "ISC"
  }

yarn manifest: 
  No manifest

Lockfile: 
  No lockfile
